0 info it worked if it ends with ok
1 verbose cli [ '/usr/local/bin/node',
1 verbose cli   '/usr/local/bin/npm',
1 verbose cli   'run',
1 verbose cli   'start:prod' ]
2 info using npm@3.10.8
3 info using node@v6.9.1
4 verbose run-script [ 'prestart:prod', 'start:prod', 'poststart:prod' ]
5 info lifecycle personalSite@2.5.0~prestart:prod: personalSite@2.5.0
6 silly lifecycle personalSite@2.5.0~prestart:prod: no script for prestart:prod, continuing
7 info lifecycle personalSite@2.5.0~start:prod: personalSite@2.5.0
8 verbose lifecycle personalSite@2.5.0~start:prod: unsafe-perm in lifecycle true
9 verbose lifecycle personalSite@2.5.0~start:prod: PATH: /usr/local/lib/node_modules/npm/bin/node-gyp-bin:/Users/fredrickbarfield/Dropbox/websites/My_personal_site/V3/node_modules/.bin:/usr/local/bin:/usr/bin:/bin:/usr/sbin:/sbin:/Library/Frameworks/Mono.framework/Versions/Current/Commands
10 verbose lifecycle personalSite@2.5.0~start:prod: CWD: /Users/fredrickbarfield/Dropbox/websites/My_personal_site/V3
11 silly lifecycle personalSite@2.5.0~start:prod: Args: [ '-c', 'NODE_ENV=production webpack && node dist/server.js' ]
12 silly lifecycle personalSite@2.5.0~start:prod: Returned: code: 1  signal: null
13 info lifecycle personalSite@2.5.0~start:prod: Failed to exec start:prod script
14 verbose stack Error: personalSite@2.5.0 start:prod: `NODE_ENV=production webpack && node dist/server.js`
14 verbose stack Exit status 1
14 verbose stack     at EventEmitter.<anonymous> (/usr/local/lib/node_modules/npm/lib/utils/lifecycle.js:255:16)
14 verbose stack     at emitTwo (events.js:106:13)
14 verbose stack     at EventEmitter.emit (events.js:191:7)
14 verbose stack     at ChildProcess.<anonymous> (/usr/local/lib/node_modules/npm/lib/utils/spawn.js:40:14)
14 verbose stack     at emitTwo (events.js:106:13)
14 verbose stack     at ChildProcess.emit (events.js:191:7)
14 verbose stack     at maybeClose (internal/child_process.js:877:16)
14 verbose stack     at Process.ChildProcess._handle.onexit (internal/child_process.js:226:5)
15 verbose pkgid personalSite@2.5.0
16 verbose cwd /Users/fredrickbarfield/Dropbox/websites/My_personal_site/V3
17 error Darwin 16.3.0
18 error argv "/usr/local/bin/node" "/usr/local/bin/npm" "run" "start:prod"
19 error node v6.9.1
20 error npm  v3.10.8
21 error code ELIFECYCLE
22 error personalSite@2.5.0 start:prod: `NODE_ENV=production webpack && node dist/server.js`
22 error Exit status 1
23 error Failed at the personalSite@2.5.0 start:prod script 'NODE_ENV=production webpack && node dist/server.js'.
23 error Make sure you have the latest version of node.js and npm installed.
23 error If you do, this is most likely a problem with the personalSite package,
23 error not with npm itself.
23 error Tell the author that this fails on your system:
23 error     NODE_ENV=production webpack && node dist/server.js
23 error You can get information on how to open an issue for this project with:
23 error     npm bugs personalSite
23 error Or if that isn't available, you can get their info via:
23 error     npm owner ls personalSite
23 error There is likely additional logging output above.
24 verbose exit [ 1, true ]
